Log file open, 01/09/17 11:15:37
LogInit:Display: Running engine for game: ZombieSurvival
LogPlatformFile: Not using cached read wrapper
LogInit:Display: RandInit(1874409799) SRandInit(1874409799).
LogTaskGraph: Started task graph with 5 named threads and 8 total threads with 1 sets of task threads.
LogStats: Stats thread started at 0.095421
LogPluginManager: Loaded Plugin Paper2D, From C:/Program Files (x86)/Epic Games/4.14/Engine/Plugins/2D/Paper2D/Paper2D.uplugin
LogPluginManager: Loaded Plugin LightPropagationVolume, From C:/Program Files (x86)/Epic Games/4.14/Engine/Plugins/Blendables/LightPropagationVolume/LightPropagationVolume.uplugin
LogPluginManager: Loaded Plugin BlankPlugin, From C:/Program Files (x86)/Epic Games/4.14/Engine/Plugins/Developer/BlankPlugin/BlankPlugin.uplugin
LogPluginManager: Loaded Plugin CodeLiteSourceCodeAccess, From C:/Program Files (x86)/Epic Games/4.14/Engine/Plugins/Developer/CodeLiteSourceCodeAccess/CodeLiteSourceCodeAccess.uplugin
LogPluginManager: Loaded Plugin GitSourceControl, From C:/Program Files (x86)/Epic Games/4.14/Engine/Plugins/Developer/GitSourceControl/GitSourceControl.uplugin
LogPluginManager: Loaded Plugin KDevelopSourceCodeAccess, From C:/Program Files (x86)/Epic Games/4.14/Engine/Plugins/Developer/KDevelopSourceCodeAccess/KDevelopSourceCodeAccess.uplugin
LogPluginManager: Loaded Plugin NullSourceCodeAccess, From C:/Program Files (x86)/Epic Games/4.14/Engine/Plugins/Developer/NullSourceCodeAccess/NullSourceCodeAccess.uplugin
LogPluginManager: Loaded Plugin OneSkyLocalizationService, From C:/Program Files (x86)/Epic Games/4.14/Engine/Plugins/Developer/OneSkyLocalizationService/OneSkyLocalizationService.uplugin
LogPluginManager: Loaded Plugin PerforceSourceControl, From C:/Program Files (x86)/Epic Games/4.14/Engine/Plugins/Developer/PerforceSourceControl/PerforceSourceControl.uplugin
LogPluginManager: Loaded Plugin SubversionSourceControl, From C:/Program Files (x86)/Epic Games/4.14/Engine/Plugins/Developer/SubversionSourceControl/SubversionSourceControl.uplugin
LogPluginManager: Loaded Plugin UObjectPlugin, From C:/Program Files (x86)/Epic Games/4.14/Engine/Plugins/Developer/UObjectPlugin/UObjectPlugin.uplugin
LogPluginManager: Loaded Plugin VisualStudioSourceCodeAccess, From C:/Program Files (x86)/Epic Games/4.14/Engine/Plugins/Developer/VisualStudioSourceCodeAccess/VisualStudioSourceCodeAccess.uplugin
LogPluginManager: Loaded Plugin XCodeSourceCodeAccess, From C:/Program Files (x86)/Epic Games/4.14/Engine/Plugins/Developer/XCodeSourceCodeAccess/XCodeSourceCodeAccess.uplugin
LogPluginManager: Loaded Plugin AudioCapture, From C:/Program Files (x86)/Epic Games/4.14/Engine/Plugins/Editor/AudioCapture/AudioCapture.uplugin
LogPluginManager: Loaded Plugin EpicSurvey, From C:/Program Files (x86)/Epic Games/4.14/Engine/Plugins/Editor/EpicSurvey/EpicSurvey.uplugin
LogPluginManager: Loaded Plugin MacGraphicsSwitching, From C:/Program Files (x86)/Epic Games/4.14/Engine/Plugins/Editor/MacGraphicsSwitching/MacGraphicsSwitching.uplugin
LogPluginManager: Loaded Plugin MobileLauncherProfileWizard, From C:/Program Files (x86)/Epic Games/4.14/Engine/Plugins/Editor/MobileLauncherProfileWizard/MobileLauncherProfileWizard.uplugin
LogPluginManager: Loaded Plugin PluginBrowser, From C:/Program Files (x86)/Epic Games/4.14/Engine/Plugins/Editor/PluginBrowser/PluginBrowser.uplugin
LogPluginManager: Loaded Plugin SpeedTreeImporter, From C:/Program Files (x86)/Epic Games/4.14/Engine/Plugins/Editor/SpeedTreeImporter/SpeedTreeImporter.uplugin
LogPluginManager: Loaded Plugin SuperSearchEditor, From C:/Program Files (x86)/Epic Games/4.14/Engine/Plugins/Editor/SuperSearchEditor/SuperSearchEditor.uplugin
LogPluginManager: Loaded Plugin AlembicImporter, From C:/Program Files (x86)/Epic Games/4.14/Engine/Plugins/Experimental/AlembicImporter/AlembicImporter.uplugin
LogPluginManager: Loaded Plugin BlueprintStats, From C:/Program Files (x86)/Epic Games/4.14/Engine/Plugins/Experimental/BlueprintStats/BlueprintStats.uplugin
LogPluginManager: Loaded Plugin CharacterAI, From C:/Program Files (x86)/Epic Games/4.14/Engine/Plugins/Experimental/CharacterAI/CharacterAI.uplugin
LogPluginManager: Loaded Plugin CodeEditor, From C:/Program Files (x86)/Epic Games/4.14/Engine/Plugins/Experimental/CodeEditor/CodeEditor.uplugin
LogPluginManager: Loaded Plugin CodeView, From C:/Program Files (x86)/Epic Games/4.14/Engine/Plugins/Experimental/CodeView/CodeView.uplugin
LogPluginManager: Loaded Plugin HTML5Networking, From C:/Program Files (x86)/Epic Games/4.14/Engine/Plugins/Experimental/HTML5Networking/HTML5Networking.uplugin
LogPluginManager: Loaded Plugin OSVR, From C:/Program Files (x86)/Epic Games/4.14/Engine/Plugins/Experimental/OSVR/OSVR.uplugin
LogPluginManager: Loaded Plugin Phya, From C:/Program Files (x86)/Epic Games/4.14/Engine/Plugins/Experimental/Phya/Phya.uplugin
LogPluginManager: Loaded Plugin SignificanceManager, From C:/Program Files (x86)/Epic Games/4.14/Engine/Plugins/Experimental/SignificanceManager/SignificanceManager.uplugin
LogPluginManager: Loaded Plugin SimpleHMD, From C:/Program Files (x86)/Epic Games/4.14/Engine/Plugins/Experimental/SimpleHMD/SimpleHMD.uplugin
LogPluginManager: Loaded Plugin StereoPanorama, From C:/Program Files (x86)/Epic Games/4.14/Engine/Plugins/Experimental/StereoPanorama/StereoPanorama.uplugin
LogPluginManager: Loaded Plugin StructBox, From C:/Program Files (x86)/Epic Games/4.14/Engine/Plugins/Experimental/StructBox/StructBox.uplugin
LogPluginManager: Loaded Plugin AndroidMedia, From C:/Program Files (x86)/Epic Games/4.14/Engine/Plugins/Media/AndroidMedia/AndroidMedia.uplugin
LogPluginManager: Loaded Plugin AvfMedia, From C:/Program Files (x86)/Epic Games/4.14/Engine/Plugins/Media/AvfMedia/AvfMedia.uplugin
LogPluginManager: Loaded Plugin MediaPlayerEditor, From C:/Program Files (x86)/Epic Games/4.14/Engine/Plugins/Media/MediaPlayerEditor/MediaPlayerEditor.uplugin
LogPluginManager: Loaded Plugin WmfMedia, From C:/Program Files (x86)/Epic Games/4.14/Engine/Plugins/Media/WmfMedia/WmfMedia.uplugin
LogPluginManager: Loaded Plugin MessagingDebugger, From C:/Program Files (x86)/Epic Games/4.14/Engine/Plugins/Messaging/MessagingDebugger/MessagingDebugger.uplugin
LogPluginManager: Loaded Plugin TcpMessaging, From C:/Program Files (x86)/Epic Games/4.14/Engine/Plugins/Messaging/TcpMessaging/TcpMessaging.uplugin
LogPluginManager: Loaded Plugin UdpMessaging, From C:/Program Files (x86)/Epic Games/4.14/Engine/Plugins/Messaging/UdpMessaging/UdpMessaging.uplugin
LogPluginManager: Loaded Plugin LevelSequenceEditor, From C:/Program Files (x86)/Epic Games/4.14/Engine/Plugins/MovieScene/LevelSequenceEditor/LevelSequenceEditor.uplugin
LogPluginManager: Loaded Plugin MatineeToLevelSequence, From C:/Program Files (x86)/Epic Games/4.14/Engine/Plugins/MovieScene/MatineeToLevelSequence/MatineeToLevelSequence.uplugin
LogPluginManager: Loaded Plugin NetcodeUnitTest, From C:/Program Files (x86)/Epic Games/4.14/Engine/Plugins/NetcodeUnitTest/NetcodeUnitTest/NetcodeUnitTest.uplugin
LogPluginManager: Loaded Plugin NUTUnrealEngine4, From C:/Program Files (x86)/Epic Games/4.14/Engine/Plugins/NetcodeUnitTest/NUTUnrealEngine4/NUTUnrealEngine4.uplugin
LogPluginManager: Loaded Plugin OnlineSubsystemGameCircle, From C:/Program Files (x86)/Epic Games/4.14/Engine/Plugins/Online/Android/OnlineSubsystemGameCircle/OnlineSubsystemGameCircle.uplugin
LogPluginManager: Loaded Plugin OnlineSubsystemGooglePlay, From C:/Program Files (x86)/Epic Games/4.14/Engine/Plugins/Online/Android/OnlineSubsystemGooglePlay/OnlineSubsystemGooglePlay.uplugin
LogPluginManager: Loaded Plugin OnlineSubsystemIOS, From C:/Program Files (x86)/Epic Games/4.14/Engine/Plugins/Online/IOS/OnlineSubsystemIOS/OnlineSubsystemIOS.uplugin
LogPluginManager: Loaded Plugin OnlineFramework, From C:/Program Files (x86)/Epic Games/4.14/Engine/Plugins/Online/OnlineFramework/OnlineFramework.uplugin
LogPluginManager: Loaded Plugin OnlineSubsystem, From C:/Program Files (x86)/Epic Games/4.14/Engine/Plugins/Online/OnlineSubsystem/OnlineSubsystem.uplugin
LogPluginManager: Loaded Plugin OnlineSubsystemAmazon, From C:/Program Files (x86)/Epic Games/4.14/Engine/Plugins/Online/OnlineSubsystemAmazon/OnlineSubsystemAmazon.uplugin
LogPluginManager: Loaded Plugin OnlineSubsystemFacebook, From C:/Program Files (x86)/Epic Games/4.14/Engine/Plugins/Online/OnlineSubsystemFacebook/OnlineSubsystemFacebook.uplugin
LogPluginManager: Loaded Plugin OnlineSubsystemNull, From C:/Program Files (x86)/Epic Games/4.14/Engine/Plugins/Online/OnlineSubsystemNull/OnlineSubsystemNull.uplugin
LogPluginManager: Loaded Plugin OnlineSubsystemOculus, From C:/Program Files (x86)/Epic Games/4.14/Engine/Plugins/Online/OnlineSubsystemOculus/OnlineSubsystemOculus.uplugin
LogPluginManager: Loaded Plugin OnlineSubsystemSteam, From C:/Program Files (x86)/Epic Games/4.14/Engine/Plugins/Online/OnlineSubsystemSteam/OnlineSubsystemSteam.uplugin
LogPluginManager: Loaded Plugin OnlineSubsystemUtils, From C:/Program Files (x86)/Epic Games/4.14/Engine/Plugins/Online/OnlineSubsystemUtils/OnlineSubsystemUtils.uplugin
LogPluginManager: Loaded Plugin IOSTapJoy, From C:/Program Files (x86)/Epic Games/4.14/Engine/Plugins/Runtime/Advertising/IOSTapJoy/IOSTapJoy.uplugin
LogPluginManager: Loaded Plugin AnalyticsBlueprintLibrary, From C:/Program Files (x86)/Epic Games/4.14/Engine/Plugins/Runtime/Analytics/AnalyticsBlueprintLibrary/AnalyticsBlueprintLibrary.uplugin
LogPluginManager: Loaded Plugin AnalyticsMulticast, From C:/Program Files (x86)/Epic Games/4.14/Engine/Plugins/Runtime/Analytics/AnalyticsMulticast/AnalyticsMulticast.uplugin
LogPluginManager: Loaded Plugin Apsalar, From C:/Program Files (x86)/Epic Games/4.14/Engine/Plugins/Runtime/Analytics/Apsalar/Apsalar.uplugin
LogPluginManager: Loaded Plugin FileLogging, From C:/Program Files (x86)/Epic Games/4.14/Engine/Plugins/Runtime/Analytics/FileLogging/FileLogging.uplugin
LogPluginManager: Loaded Plugin Flurry, From C:/Program Files (x86)/Epic Games/4.14/Engine/Plugins/Runtime/Analytics/Flurry/Flurry.uplugin
LogPluginManager: Loaded Plugin AndroidDeviceProfileSelector, From C:/Program Files (x86)/Epic Games/4.14/Engine/Plugins/Runtime/AndroidDeviceProfileSelector/AndroidDeviceProfileSelector.uplugin
LogPluginManager: Loaded Plugin AndroidMoviePlayer, From C:/Program Files (x86)/Epic Games/4.14/Engine/Plugins/Runtime/AndroidMoviePlayer/AndroidMoviePlayer.uplugin
LogPluginManager: Loaded Plugin AppleMoviePlayer, From C:/Program Files (x86)/Epic Games/4.14/Engine/Plugins/Runtime/AppleMoviePlayer/AppleMoviePlayer.uplugin
LogPluginManager: Loaded Plugin ArchVisCharacter, From C:/Program Files (x86)/Epic Games/4.14/Engine/Plugins/Runtime/ArchVisCharacter/ArchVisCharacter.uplugin
LogPluginManager: Loaded Plugin CableComponent, From C:/Program Files (x86)/Epic Games/4.14/Engine/Plugins/Runtime/CableComponent/CableComponent.uplugin
LogPluginManager: Loaded Plugin CustomMeshComponent, From C:/Program Files (x86)/Epic Games/4.14/Engine/Plugins/Runtime/CustomMeshComponent/CustomMeshComponent.uplugin
LogPluginManager: Loaded Plugin ExampleDeviceProfileSelector, From C:/Program Files (x86)/Epic Games/4.14/Engine/Plugins/Runtime/ExampleDeviceProfileSelector/ExampleDeviceProfileSelector.uplugin
LogPluginManager: Loaded Plugin GearVR, From C:/Program Files (x86)/Epic Games/4.14/Engine/Plugins/Runtime/GearVR/GearVR.uplugin
LogPluginManager: Loaded Plugin GoogleVRController, From C:/Program Files (x86)/Epic Games/4.14/Engine/Plugins/Runtime/GoogleVR/GoogleVRController/GoogleVRController.uplugin
LogPluginManager: Loaded Plugin GoogleVRHMD, From C:/Program Files (x86)/Epic Games/4.14/Engine/Plugins/Runtime/GoogleVR/GoogleVRHMD/GoogleVRHMD.uplugin
LogPluginManager: Loaded Plugin IOSDeviceProfileSelector, From C:/Program Files (x86)/Epic Games/4.14/Engine/Plugins/Runtime/IOSDeviceProfileSelector/IOSDeviceProfileSelector.uplugin
LogPluginManager: Loaded Plugin LeapMotion, From C:/Program Files (x86)/Epic Games/4.14/Engine/Plugins/Runtime/LeapMotion/LeapMotion.uplugin
LogPluginManager: Loaded Plugin LinuxDeviceProfileSelector, From C:/Program Files (x86)/Epic Games/4.14/Engine/Plugins/Runtime/LinuxDeviceProfileSelector/LinuxDeviceProfileSelector.uplugin
LogPluginManager: Loaded Plugin MIDIDevice, From C:/Program Files (x86)/Epic Games/4.14/Engine/Plugins/Runtime/MIDIDevice/MIDIDevice.uplugin
LogPluginManager: Loaded Plugin MobilePatchingUtils, From C:/Program Files (x86)/Epic Games/4.14/Engine/Plugins/Runtime/MobilePatchingUtils/MobilePatchingUtils.uplugin
LogPluginManager: Loaded Plugin Ansel, From C:/Program Files (x86)/Epic Games/4.14/Engine/Plugins/Runtime/Nvidia/Ansel/Ansel.uplugin
LogPluginManager: Loaded Plugin OculusAudio, From C:/Program Files (x86)/Epic Games/4.14/Engine/Plugins/Runtime/OculusAudio/OculusAudio.uplugin
LogPluginManager: Loaded Plugin OculusInput, From C:/Program Files (x86)/Epic Games/4.14/Engine/Plugins/Runtime/OculusInput/OculusInput.uplugin
LogPluginManager: Loaded Plugin OculusLibrary, From C:/Program Files (x86)/Epic Games/4.14/Engine/Plugins/Runtime/OculusLibrary/OculusLibrary.uplugin
LogPluginManager: Loaded Plugin OculusRift, From C:/Program Files (x86)/Epic Games/4.14/Engine/Plugins/Runtime/OculusRift/OculusRift.uplugin
LogPluginManager: Loaded Plugin Oodle, From C:/Program Files (x86)/Epic Games/4.14/Engine/Plugins/Runtime/PacketHandlers/CompressionComponents/Oodle/Oodle.uplugin
LogPluginManager: Loaded Plugin ProceduralMeshComponent, From C:/Program Files (x86)/Epic Games/4.14/Engine/Plugins/Runtime/ProceduralMeshComponent/ProceduralMeshComponent.uplugin
LogPluginManager: Loaded Plugin SoundMod, From C:/Program Files (x86)/Epic Games/4.14/Engine/Plugins/Runtime/SoundMod/SoundMod.uplugin
LogPluginManager: Loaded Plugin SoundVisualizations, From C:/Program Files (x86)/Epic Games/4.14/Engine/Plugins/Runtime/SoundVisualizations/SoundVisualizations.uplugin
LogPluginManager: Loaded Plugin SteamController, From C:/Program Files (x86)/Epic Games/4.14/Engine/Plugins/Runtime/Steam/SteamController/SteamController.uplugin
LogPluginManager: Loaded Plugin SteamVR, From C:/Program Files (x86)/Epic Games/4.14/Engine/Plugins/Runtime/Steam/SteamVR/SteamVR.uplugin
LogPluginManager: Loaded Plugin WebBrowserWidget, From C:/Program Files (x86)/Epic Games/4.14/Engine/Plugins/Runtime/WebBrowserWidget/WebBrowserWidget.uplugin
LogPluginManager: Loaded Plugin WindowsDeviceProfileSelector, From C:/Program Files (x86)/Epic Games/4.14/Engine/Plugins/Runtime/WindowsDeviceProfileSelector/WindowsDeviceProfileSelector.uplugin
LogPluginManager: Loaded Plugin WindowsMoviePlayer, From C:/Program Files (x86)/Epic Games/4.14/Engine/Plugins/Runtime/WindowsMoviePlayer/WindowsMoviePlayer.uplugin
LogPluginManager: Loaded Plugin ScriptPlugin, From C:/Program Files (x86)/Epic Games/4.14/Engine/Plugins/ScriptPlugin/ScriptPlugin.uplugin
LogPluginManager: Loaded Plugin SlateRemote, From C:/Program Files (x86)/Epic Games/4.14/Engine/Plugins/Slate/SlateRemote/SlateRemote.uplugin
LogPluginManager: Loaded Plugin EditorTests, From C:/Program Files (x86)/Epic Games/4.14/Engine/Plugins/Tests/EditorTests/EditorTests.uplugin
LogPluginManager: Loaded Plugin FbxAutomationTestBuilder, From C:/Program Files (x86)/Epic Games/4.14/Engine/Plugins/Tests/FbxAutomationTestBuilder/FbxAutomationTestBuilder.uplugin
LogPluginManager: Loaded Plugin FunctionalTestingEditor, From C:/Program Files (x86)/Epic Games/4.14/Engine/Plugins/Tests/FunctionalTestingEditor/FunctionalTestingEditor.uplugin
LogPluginManager: Loaded Plugin RuntimeTests, From C:/Program Files (x86)/Epic Games/4.14/Engine/Plugins/Tests/RuntimeTests/RuntimeTests.uplugin
LogPluginManager: Loaded Plugin ScreenshotTools, From C:/Program Files (x86)/Epic Games/4.14/Engine/Plugins/Tests/ScreenshotTools/ScreenshotTools.uplugin
LogInit: Using libcurl 7.47.1
LogInit:  - built for x86_64-pc-win32
LogInit:  - supports SSL with OpenSSL/1.0.2g
LogInit:  - supports HTTP deflate (compression) using libz 1.2.8
LogInit:  - other features:
LogInit:      CURL_VERSION_SSL
LogInit:      CURL_VERSION_LIBZ
LogInit:      CURL_VERSION_IPV6
LogInit:      CURL_VERSION_ASYNCHDNS
LogInit:      CURL_VERSION_LARGEFILE
LogInit:      CURL_VERSION_IDN
LogInit:  CurlRequestOptions (configurable via config and command line):
LogInit:  - bVerifyPeer = false  - Libcurl will NOT verify peer certificate
LogInit:  - bUseHttpProxy = false  - Libcurl will NOT use HTTP proxy
LogInit:  - bDontReuseConnections = false  - Libcurl will reuse connections
LogInit:  - CertBundlePath = nullptr  - Libcurl will use whatever was configured at build time.
LogInit: Build: ++UE4+Release-4.14-CL-3195953
LogInit: Engine Version: 4.14.0-3195953+++UE4+Release-4.14
LogInit: Compatible Engine Version: 4.14.0-3195953+++UE4+Release-4.14
LogInit: Net CL: 3195953
LogDevObjectVersion: Number of dev versions registered: 13
LogDevObjectVersion:   Dev-Blueprints (B0D832E4-1F89-4F0D-ACCF-7EB736FD4AA2): 7
LogDevObjectVersion:   Dev-Build (E1C64328-A22C-4D53-A36C-8E866417BD8C): 0
LogDevObjectVersion:   Dev-Core (375EC13C-06E4-48FB-B500-84F0262A717E): 1
LogDevObjectVersion:   Dev-Editor (E4B068ED-F494-42E9-A231-DA0B2E46BB41): 8
LogDevObjectVersion:   Dev-Framework (CFFC743F-43B0-4480-9391-14DF171D2073): 17
LogDevObjectVersion:   Dev-Mobile (B02B49B5-BB20-44E9-A304-32B752E40360): 0
LogDevObjectVersion:   Dev-Networking (A4E4105C-59A1-49B5-A7C5-40C4547EDFEE): 0
LogDevObjectVersion:   Dev-Online (39C831C9-5AE6-47DC-9A44-9C173E1C8E7C): 0
LogDevObjectVersion:   Dev-Physics (78F01B33-EBEA-4F98-B9B4-84EACCB95AA2): 0
LogDevObjectVersion:   Dev-Platform (6631380F-2D4D-43E0-8009-CF276956A95A): 0
LogDevObjectVersion:   Dev-Rendering (12F88B9F-8875-4AFC-A67C-D90C383ABD29): 12
LogDevObjectVersion:   Dev-Sequencer (7B5AE74C-D270-4C10-A958-57980B212A5A): 1
LogDevObjectVersion:   Dev-VR (D7296918-1DD6-4BDD-9DE2-64A83CC13884): 0
LogInit: Compiled (64-bit): Nov 12 2016 02:14:10
LogInit: Compiled with Visual C++: 19.00.23026.00
LogInit: Build Configuration: Development
LogInit: Branch Name: ++UE4+Release-4.14
LogInit: Command line:  
LogInit: Base directory: C:/Program Files (x86)/Epic Games/4.14/Engine/Binaries/Win64/
LogInit: Installed Engine Build: 1
LogInit: Presizing for max 8388607 objects, including 0 objects not considered by GC, pre-allocating 0 bytes for permanent pool.
LogInit: Object subsystem initialized
[2017.01.09-18.15.38:027][  0]LogInit: Selected Device Profile: [Windows]
[2017.01.09-18.15.38:027][  0]LogInit: Applying CVar settings loaded from the selected device profile: [Windows]
[2017.01.09-18.15.38:048][  0]LogInit: Computer: DESKTOP-75JDRAF
[2017.01.09-18.15.38:048][  0]LogInit: User: Admin
[2017.01.09-18.15.38:048][  0]LogInit: CPU Page size=65536, Cores=4
[2017.01.09-18.15.38:048][  0]LogInit: High frequency timer resolution =3.328124 MHz
[2017.01.09-18.15.38:049][  0]LogMemory: Memory total: Physical=15.9GB (16GB approx)
[2017.01.09-18.15.38:049][  0]LogMemory: Platform Memory Stats for Windows
[2017.01.09-18.15.38:049][  0]LogMemory: Process Physical Memory: 263.88 MB used, 263.88 MB peak
[2017.01.09-18.15.38:049][  0]LogMemory: Process Virtual Memory: 262.69 MB used, 262.69 MB peak
[2017.01.09-18.15.38:049][  0]LogMemory: Physical Memory: 3765.27 MB used,  12499.33 MB free, 16264.60 MB total
[2017.01.09-18.15.38:049][  0]LogMemory: Virtual Memory: 676.37 MB used,  12499.33 MB free, 134217728.00 MB total
[2017.01.09-18.15.38:238][  0]LogTextLocalizationManager: No specific translations for ('en-US') exist, so ('en') translations will be used.
[2017.01.09-18.15.40:055][  0]LogD3D11RHI: D3D11 adapters:
[2017.01.09-18.15.40:062][  0]LogD3D11RHI:    0. 'Intel(R) HD Graphics 530' (Feature Level 11_0)
[2017.01.09-18.15.40:062][  0]LogD3D11RHI:       128/0/8132 MB DedicatedVideo/DedicatedSystem/SharedSystem, Outputs:1, VendorId:0x8086
[2017.01.09-18.15.40:063][  0]LogD3D11RHI:    1. 'Microsoft Basic Render Driver' (Feature Level 11_0)
[2017.01.09-18.15.40:063][  0]LogD3D11RHI:       0/0/8132 MB DedicatedVideo/DedicatedSystem/SharedSystem, Outputs:0, VendorId:0x1414
[2017.01.09-18.15.40:063][  0]LogD3D11RHI: Chosen D3D11 Adapter: 0
[2017.01.09-18.15.40:066][  0]LogD3D11RHI: Creating new Direct3DDevice
[2017.01.09-18.15.40:066][  0]LogD3D11RHI:     GPU DeviceId: 0x1912 (for the marketing name, search the web for "GPU Device Id")
[2017.01.09-18.15.40:066][  0]LogWindows: EnumDisplayDevices:
[2017.01.09-18.15.40:067][  0]LogWindows:    0. 'Intel(R) HD Graphics 530' (P:1 D:1)
[2017.01.09-18.15.40:067][  0]LogWindows:    1. 'Intel(R) HD Graphics 530' (P:0 D:0)
[2017.01.09-18.15.40:067][  0]LogWindows:    2. 'Intel(R) HD Graphics 530' (P:0 D:0)
[2017.01.09-18.15.40:067][  0]LogWindows: DebugString: FoundDriverCount:3 
[2017.01.09-18.15.40:067][  0]LogD3D11RHI:     Adapter Name: Intel(R) HD Graphics 530
[2017.01.09-18.15.40:067][  0]LogD3D11RHI:   Driver Version: 20.19.15.4326 (internal:20.19.15.4326, unified:20.19.15.4326)
[2017.01.09-18.15.40:067][  0]LogD3D11RHI:      Driver Date: 11-16-2015
[2017.01.09-18.15.40:067][  0]LogRHI: Texture pool is 1361 MB (70% of 1945 MB)
[2017.01.09-18.15.40:071][  0]LogD3D11RHI: Async texture creation enabled
[2017.01.09-18.15.40:079][  0]LogD3D11RHI: GPU Timing Frequency: 12.000000 (Debug: 2 0)
[2017.01.09-18.15.40:080][  0]LogShaderCompilers: Guid format shader working directory is -40 characters bigger than the processId version (../../../../../../Users/Admin/Documents/Unreal Projects/Zombie Survival/ZombieSurvival/Intermediate/Shaders/WorkingDirectory/5492/).
[2017.01.09-18.15.40:080][  0]LogShaderCompilers: Cleaned the shader compiler working directory 'C:/Users/Admin/AppData/Local/Temp/UnrealShaderWorkingDir/5992297B4EC9D6F9A7813E954F774D72/'.
[2017.01.09-18.15.40:080][  0]LogShaderCompilers:Display: Using Local Shader Compiler.
[2017.01.09-18.15.41:882][  0]LogTemp:Display: Loaded TP AllDesktopTargetPlatform
[2017.01.09-18.15.41:925][  0]LogTemp:Display: Loaded TP MacClientTargetPlatform
[2017.01.09-18.15.41:967][  0]LogTemp:Display: Loaded TP MacNoEditorTargetPlatform
[2017.01.09-18.15.42:009][  0]LogTemp:Display: Loaded TP MacServerTargetPlatform
[2017.01.09-18.15.42:054][  0]LogTemp:Display: Loaded TP MacTargetPlatform
[2017.01.09-18.15.42:097][  0]LogTemp:Display: Loaded TP WindowsClientTargetPlatform
[2017.01.09-18.15.42:138][  0]LogTemp:Display: Loaded TP WindowsNoEditorTargetPlatform
[2017.01.09-18.15.42:180][  0]LogTemp:Display: Loaded TP WindowsServerTargetPlatform
[2017.01.09-18.15.42:214][  0]LogTemp:Display: Loaded TP WindowsTargetPlatform
[2017.01.09-18.15.42:257][  0]LogTemp:Display: Loaded TP AndroidTargetPlatform
[2017.01.09-18.15.42:296][  0]LogTemp:Display: Loaded TP Android_ASTCTargetPlatform
[2017.01.09-18.15.42:337][  0]LogTemp:Display: Loaded TP Android_ATCTargetPlatform
[2017.01.09-18.15.42:376][  0]LogTemp:Display: Loaded TP Android_DXTTargetPlatform
[2017.01.09-18.15.42:416][  0]LogTemp:Display: Loaded TP Android_ETC1TargetPlatform
[2017.01.09-18.15.42:457][  0]LogTemp:Display: Loaded TP Android_ETC2TargetPlatform
[2017.01.09-18.15.42:541][  0]LogTemp:Display: Loaded TP Android_MultiTargetPlatform
[2017.01.09-18.15.42:541][  0]LogTemp:Display: Loaded TP Android_PVRTCTargetPlatform
[2017.01.09-18.15.42:572][  0]LogTemp:Display: Loaded TP HTML5TargetPlatform
[2017.01.09-18.15.42:661][  0]LogTemp:Display: Loaded TP IOSTargetPlatform
[2017.01.09-18.15.42:689][  0]LogTemp:Display: Loaded TP TVOSTargetPlatform
[2017.01.09-18.15.42:729][  0]LogTemp:Display: Loaded TP LinuxClientTargetPlatform
[2017.01.09-18.15.42:770][  0]LogTemp:Display: Loaded TP LinuxNoEditorTargetPlatform
[2017.01.09-18.15.42:809][  0]LogTemp:Display: Loaded TP LinuxServerTargetPlatform
[2017.01.09-18.15.42:852][  0]LogTemp:Display: Loaded TP LinuxTargetPlatform
[2017.01.09-18.15.42:852][  0]LogTargetPlatformManager:Display: Building Assets For Windows
[2017.01.09-18.15.43:332][  0]LogDerivedDataCache:Display: Max Cache Size: 512 MB
[2017.01.09-18.15.43:376][  0]LogDerivedDataCache: Loaded boot cache 0.04s 50MB C:/Users/Admin/AppData/Local/UnrealEngine/4.14/DerivedDataCache/Boot.ddc.
[2017.01.09-18.15.43:376][  0]LogDerivedDataCache:Display: Loaded Boot cache: C:/Users/Admin/AppData/Local/UnrealEngine/4.14/DerivedDataCache/Boot.ddc
[2017.01.09-18.15.43:376][  0]LogDerivedDataCache: FDerivedDataBackendGraph:  Pak pak cache file ../../../../../../Users/Admin/Documents/Unreal Projects/Zombie Survival/ZombieSurvival/DerivedDataCache/DDC.ddp not found, will not use a pak cache.
[2017.01.09-18.15.43:376][  0]LogDerivedDataCache: Unable to find inner node Pak for hierarchical cache Hierarchy.
[2017.01.09-18.15.43:376][  0]LogDerivedDataCache: FDerivedDataBackendGraph:  CompressedPak pak cache file ../../../../../../Users/Admin/Documents/Unreal Projects/Zombie Survival/ZombieSurvival/DerivedDataCache/Compressed.ddp not found, will not use a pak cache.
[2017.01.09-18.15.43:376][  0]LogDerivedDataCache: Unable to find inner node CompressedPak for hierarchical cache Hierarchy.
[2017.01.09-18.15.43:392][  0]LogDerivedDataCache:Display: Pak cache opened for reading ../../../Engine/DerivedDataCache/Compressed.ddp.
[2017.01.09-18.15.43:405][  0]LogDerivedDataCache: Using Local data cache path C:/Users/Admin/AppData/Local/UnrealEngine/Common/DerivedDataCache: Writable
[2017.01.09-18.15.45:088][  0]LogInit: Selected Device Profile: [Windows]
[2017.01.09-18.15.45:090][  0]LogContentStreaming: Texture pool size is 0.00 MB
[2017.01.09-18.15.45:263][  0]LogMeshUtilities: Using QuadricMeshReduction for automatic static mesh reduction
[2017.01.09-18.15.45:294][  0]LogSimplygon: Simplygon DLL not present - disabling.
[2017.01.09-18.15.45:329][  0]LogMeshUtilities: Using SimplygonSwarm for distributed automatic mesh merging
[2017.01.09-18.15.45:329][  0]LogMeshUtilities: No automatic skeletal mesh reduction module available
[2017.01.09-18.15.45:329][  0]LogMeshUtilities: No automatic mesh merging module available
[2017.01.09-18.15.46:053][  0]LogNetVersion: GetLocalNetworkVersion: CL: 3195953, ProjectName: zombiesurvival, ProjectVersion: , EngineNetworkVersion: 2, GameNetworkVersion: 0, NetworkChecksum: 2095006454
[2017.01.09-18.15.46:108][  0]LogAssetRegistry: FAssetRegistry took 0.0222 seconds to start up
[2017.01.09-18.15.46:149][  0]LogPackageLocalizationCache: Processed 3 localized package path(s) for 2 prioritized culture(s) in 0.024809 seconds
[2017.01.09-18.15.46:153][  0]LogUObjectArray: 31946 objects as part of root set at end of initial load.
[2017.01.09-18.15.46:153][  0]LogUObjectAllocator: 6935840 out of 0 bytes used by permanent object pool.
[2017.01.09-18.15.46:153][  0]LogUObjectArray: CloseDisregardForGC: 0/0 objects in disregard for GC pool
[2017.01.09-18.15.46:198][  0]LogInit: WinSock: version 1.1 (2.2), MaxSocks=32767, MaxUdp=65467
[2017.01.09-18.15.46:743][  0]LogSlate: Using Freetype 2.6.0
[2017.01.09-18.15.46:750][  0]LogSlate: SlateFontCache - WITH_FREETYPE: 1, WITH_HARFBUZZ: 1
[2017.01.09-18.15.46:750][  0]LogSlate: SlateFontCache - WITH_FREETYPE: 1, WITH_HARFBUZZ: 1
[2017.01.09-18.15.47:993][  0]LogTcpMessaging: Initializing TcpMessaging bridge
[2017.01.09-18.15.48:025][  0]LogUdpMessaging: Initializing bridge on interface 0.0.0.0:0 to multicast group 230.0.0.1:6666.
[2017.01.09-18.15.48:318][  0]LogMaterial: Uniform references updated for custom material expression Custom.
[2017.01.09-18.15.48:641][  0]SourceControl: Info Source control is disabled
[2017.01.09-18.15.48:642][  0]SourceControl: Info Source control is disabled
[2017.01.09-18.15.48:674][  0]SourceControl: Info Source control is disabled
[2017.01.09-18.15.48:706][  0]SourceControl: Info Source control is disabled
[2017.01.09-18.15.49:627][  0]LogEngine: Initializing Engine...
[2017.01.09-18.15.49:628][  0]LogHMD: Failed to initialize OpenVR with code 110
[2017.01.09-18.15.49:882][  0]LogAIModule: Creating AISystem for world Untitled
[2017.01.09-18.15.49:888][  0]LogInit: XAudio2 using 'Speakers (Realtek High Definition Audio)' : 2 channels at 48 kHz using 32 bits per sample (channel mask 0x3)
[2017.01.09-18.15.49:911][  0]LogInit: FAudioDevice initialized.
[2017.01.09-18.15.49:930][  0]LogDerivedDataCache: Saved boot cache 0.02s 50MB C:/Users/Admin/AppData/Local/UnrealEngine/4.14/DerivedDataCache/Boot.ddc.
[2017.01.09-18.15.49:939][  0]LogInit: Texture streaming: Enabled
[2017.01.09-18.15.50:074][  0]LogInit: Transaction tracking system initialized
[2017.01.09-18.15.50:326][  0]BlueprintLog: New page: Editor Load
[2017.01.09-18.15.50:965][  0]LocalizationService: Info Localization service is disabled
[2017.01.09-18.15.51:621][  0]LogConsoleResponse:Display: 
[2017.01.09-18.15.51:913][  0]LogCook:Display: Max memory allowance for cook 16384mb min free memory 0mb
[2017.01.09-18.15.51:913][  0]LogCook:Display: Mobile HDR setting 1
[2017.01.09-18.15.52:613][  0]LogFileCache: Scanning file cache for directory 'C:/Users/Admin/Documents/Unreal Projects/Zombie Survival/ZombieSurvival/Content/' took 0.01s
[2017.01.09-18.15.52:651][  0]SourceControl: Info Source control is disabled
[2017.01.09-18.15.52:651][  0]Cmd: MAP LOAD FILE="../../../../../../Users/Admin/Documents/Unreal Projects/Zombie Survival/ZombieSurvival/Content/ThirdPersonBP/Maps/ThirdPersonExampleMap.umap" TEMPLATE=0 SHOWPROGRESS=1 FEATURELEVEL=3
[2017.01.09-18.15.52:651][  0]LightingResults: New page: Lighting Build
[2017.01.09-18.15.52:681][  0]MapCheck: New page: Map Check
[2017.01.09-18.15.52:681][  0]LightingResults: New page: Lighting Build
[2017.01.09-18.15.53:112][  0]LogAIModule: Creating AISystem for world ThirdPersonExampleMap
[2017.01.09-18.15.53:237][  0]LogEditorServer: Finished looking for orphan Actors (0.000 secs)
[2017.01.09-18.15.53:237][  0]Cmd: MAP CHECKDEP NOCLEARLOG
[2017.01.09-18.15.53:276][  0]MapCheck: Info Map check complete: 0 Error(s), 0 Warning(s), took 38.618ms to complete.
[2017.01.09-18.15.53:276][  0]LogFileHelpers: Loading map 'ThirdPersonExampleMap' took 0.625
[2017.01.09-18.15.53:446][  0]LogCollectionManager: Loaded 0 collections in 0.001854 seconds
[2017.01.09-18.15.53:512][  0]LogFileCache: Scanning file cache for directory 'C:/Users/Admin/Documents/Unreal Projects/Zombie Survival/ZombieSurvival/Saved/Collections/' took 0.01s
[2017.01.09-18.15.53:512][  0]LogFileCache: Scanning file cache for directory 'C:/Users/Admin/Documents/Unreal Projects/Zombie Survival/ZombieSurvival/Content/Developers/Admin/Collections/' took 0.01s
[2017.01.09-18.15.53:512][  0]LogFileCache: Scanning file cache for directory 'C:/Users/Admin/Documents/Unreal Projects/Zombie Survival/ZombieSurvival/Content/Collections/' took 0.01s
[2017.01.09-18.15.53:512][  0]LogCollectionManager: Rebuilt the GUID cache for 0 collections in 0.000001 seconds
[2017.01.09-18.15.53:519][  0]LogContentBrowser: Native class hierarchy populated in 0.0069 seconds. Added 2191 classes and 430 folders.
[2017.01.09-18.15.53:549][  0]LogStats: UGameplayTagsManager::ConstructGameplayTagTree: Construct from data asset -  0.000 s
[2017.01.09-18.15.53:549][  0]LogStats: UGameplayTagsManager::ConstructGameplayTagTree: GameplayTagTreeChangedEvent.Broadcast -  0.000 s
[2017.01.09-18.15.53:549][  0]LogContentBrowser: Native class hierarchy updated for 'GameplayTags' in 0.0004 seconds. Added 13 classes and 0 folders.
[2017.01.09-18.15.53:596][  0]LogContentBrowser: Native class hierarchy updated for 'WidgetCarousel' in 0.0004 seconds. Added 0 classes and 0 folders.
[2017.01.09-18.15.53:768][  0]LogContentBrowser: Native class hierarchy updated for 'AddContentDialog' in 0.0004 seconds. Added 0 classes and 0 folders.
[2017.01.09-18.15.53:786][  0]LogCrashTracker: Crashtracker disabled due to settings.
[2017.01.09-18.15.53:792][  0]LogUObjectGlobals:Warning: Failed to find object 'Class None.'
[2017.01.09-18.15.53:865][  0]LogContentBrowser: Native class hierarchy updated for 'HierarchicalLODOutliner' in 0.0004 seconds. Added 1 classes and 2 folders.
[2017.01.09-18.15.53:865][  0]LogLoad: (Engine Initialization) Total time: 18.02 seconds
[2017.01.09-18.15.53:865][  0]LogLoad: (Engine Initialization) Total Blueprint compile time: 0.14 seconds
[2017.01.09-18.15.53:865][  0]LogExternalProfiler: Found external profiler: VSPerf
[2017.01.09-18.15.53:865][  0]LogExternalProfiler: Using external profiler: VSPerf
[2017.01.09-18.15.53:874][  0]LogOcInput: OculusInput pre-init called
[2017.01.09-18.15.53:892][  0]LogContentStreaming: Texture pool size now 400 MB
[2017.01.09-18.15.54:063][  0]LogRenderer: Reallocating scene render targets to support 1232x740 NumSamples 1 (Frame:2).
[2017.01.09-18.15.54:559][  1]LogAssetRegistry: Asset discovery search completed in 8.4732 seconds
[2017.01.09-18.15.54:559][  1]LogCollectionManager: Rebuilt the object cache for 0 collections in 0.000001 seconds (found 0 objects)
[2017.01.09-18.15.54:559][  1]LogCollectionManager: Fixed up redirectors for 0 collections in 0.000028 seconds (updated 0 objects)
[2017.01.09-18.15.58:873][191]LogContentBrowser: Native class hierarchy updated for 'BlueprintGraph' in 0.0008 seconds. Added 111 classes and 0 folders.
[2017.01.09-18.17.41:152][  4]LogTemp: Repeting last play command: Selected Viewport
[2017.01.09-18.17.41:179][  4]LogBlueprintUserMessages: Early PlayInEditor Detection: Level '/Game/ThirdPersonBP/Maps/ThirdPersonExampleMap.ThirdPersonExampleMap:PersistentLevel' has LevelScriptBlueprint '/Game/ThirdPersonBP/Maps/ThirdPersonExampleMap.ThirdPersonExampleMap:PersistentLevel.ThirdPersonExampleMap' with GeneratedClass '/Game/ThirdPersonBP/Maps/ThirdPersonExampleMap.ThirdPersonExampleMap_C' with ClassGeneratedBy '/Game/ThirdPersonBP/Maps/ThirdPersonExampleMap.ThirdPersonExampleMap:PersistentLevel.ThirdPersonExampleMap'
[2017.01.09-18.17.41:179][  4]LogPlayLevel: PlayLevel: No blueprints needed recompiling
[2017.01.09-18.17.41:179][  4]PIE: New page: PIE session: ThirdPersonExampleMap (Jan 9, 2017, 4:17:41 AM)
[2017.01.09-18.17.41:179][  4]LogPlayLevel: Creating play world package: /Game/ThirdPersonBP/Maps/UEDPIE_0_ThirdPersonExampleMap
[2017.01.09-18.17.41:207][  4]LogPlayLevel: PIE: StaticDuplicateObject took: (0.027232s)
[2017.01.09-18.17.41:207][  4]LogAIModule: Creating AISystem for world ThirdPersonExampleMap
[2017.01.09-18.17.41:207][  4]LogPlayLevel: PIE: World Init took: (0.000864s)
[2017.01.09-18.17.41:208][  4]LogPlayLevel: PIE: Created PIE world by copying editor world from /Game/ThirdPersonBP/Maps/ThirdPersonExampleMap.ThirdPersonExampleMap to /Game/ThirdPersonBP/Maps/UEDPIE_0_ThirdPersonExampleMap.ThirdPersonExampleMap (0.028372s)
[2017.01.09-18.17.41:232][  4]LogInit: XAudio2 using 'Speakers (Realtek High Definition Audio)' : 2 channels at 48 kHz using 32 bits per sample (channel mask 0x3)
[2017.01.09-18.17.41:241][  4]LogInit: FAudioDevice initialized.
[2017.01.09-18.17.41:294][  4]LogLoad: Game class is 'ThirdPersonGameMode_C'
[2017.01.09-18.17.41:298][  4]LogWorld: Bringing World /Game/ThirdPersonBP/Maps/UEDPIE_0_ThirdPersonExampleMap.ThirdPersonExampleMap up for play (max tick rate 0) at 2017.01.09-11.17.41
[2017.01.09-18.17.41:298][  4]LogWorld: Bringing up level for play took: 0.002090
[2017.01.09-18.17.41:329][  4]LogContentBrowser: Native class hierarchy updated for 'MovieSceneCapture' in 0.0004 seconds. Added 11 classes and 0 folders.
[2017.01.09-18.17.41:331][  4]PIE: Info Play in editor start time for /Game/ThirdPersonBP/Maps/UEDPIE_0_ThirdPersonExampleMap 0.164
[2017.01.09-18.17.41:331][  4]LogBlueprintUserMessages: Late PlayInEditor Detection: Level '/Game/ThirdPersonBP/Maps/ThirdPersonExampleMap.ThirdPersonExampleMap:PersistentLevel' has LevelScriptBlueprint '/Game/ThirdPersonBP/Maps/ThirdPersonExampleMap.ThirdPersonExampleMap:PersistentLevel.ThirdPersonExampleMap' with GeneratedClass '/Game/ThirdPersonBP/Maps/ThirdPersonExampleMap.ThirdPersonExampleMap_C' with ClassGeneratedBy '/Game/ThirdPersonBP/Maps/ThirdPersonExampleMap.ThirdPersonExampleMap:PersistentLevel.ThirdPersonExampleMap'
[2017.01.09-18.17.41:428][  5]LogBlueprintUserMessages: [ThirdPersonCharacter_167] 16
[2017.01.09-18.17.41:638][ 15]LogBlueprintUserMessages: [ThirdPersonCharacter_167] 17
[2017.01.09-18.17.41:850][ 28]LogBlueprintUserMessages: [ThirdPersonCharacter_167] 18
[2017.01.09-18.17.42:062][ 41]LogBlueprintUserMessages: [ThirdPersonCharacter_167] 19
[2017.01.09-18.17.42:272][ 54]LogBlueprintUserMessages: [ThirdPersonCharacter_167] 20
[2017.01.09-18.17.42:486][ 67]LogBlueprintUserMessages: [ThirdPersonCharacter_167] 21
[2017.01.09-18.17.42:700][ 79]LogBlueprintUserMessages: [ThirdPersonCharacter_167] 22
[2017.01.09-18.17.42:903][ 92]LogBlueprintUserMessages: [ThirdPersonCharacter_167] 23
[2017.01.09-18.17.43:109][105]LogBlueprintUserMessages: [ThirdPersonCharacter_167] 24
[2017.01.09-18.17.43:315][118]LogBlueprintUserMessages: [ThirdPersonCharacter_167] 25
[2017.01.09-18.17.43:521][131]LogBlueprintUserMessages: [ThirdPersonCharacter_167] 26
[2017.01.09-18.17.43:728][144]LogBlueprintUserMessages: [ThirdPersonCharacter_167] 27
[2017.01.09-18.17.43:934][157]LogBlueprintUserMessages: [ThirdPersonCharacter_167] 28
[2017.01.09-18.17.44:135][170]LogBlueprintUserMessages: [ThirdPersonCharacter_167] 29
[2017.01.09-18.17.44:153][171]LogBlueprintUserMessages: [ThirdPersonCharacter_167] 28
[2017.01.09-18.17.44:353][184]LogBlueprintUserMessages: [ThirdPersonCharacter_167] 27
[2017.01.09-18.17.44:554][197]LogBlueprintUserMessages: [ThirdPersonCharacter_167] 26
[2017.01.09-18.17.44:761][210]LogBlueprintUserMessages: [ThirdPersonCharacter_167] 25
[2017.01.09-18.17.44:789][212]LogBlueprintUserMessages: [ThirdPersonCharacter_167] 26
[2017.01.09-18.17.44:997][225]LogBlueprintUserMessages: [ThirdPersonCharacter_167] 27
[2017.01.09-18.17.45:196][238]LogBlueprintUserMessages: [ThirdPersonCharacter_167] 28
[2017.01.09-18.17.45:401][251]LogBlueprintUserMessages: [ThirdPersonCharacter_167] 29
[2017.01.09-18.17.45:603][264]LogBlueprintUserMessages: [ThirdPersonCharacter_167] 30
[2017.01.09-18.17.45:810][277]LogBlueprintUserMessages: [ThirdPersonCharacter_167] 31
[2017.01.09-18.17.46:026][291]LogBlueprintUserMessages: [ThirdPersonCharacter_167] 32
[2017.01.09-18.17.46:230][304]LogBlueprintUserMessages: [ThirdPersonCharacter_167] 33
[2017.01.09-18.17.46:434][317]LogBlueprintUserMessages: [ThirdPersonCharacter_167] 32
[2017.01.09-18.17.46:640][330]LogBlueprintUserMessages: [ThirdPersonCharacter_167] 31
[2017.01.09-18.17.46:844][343]LogBlueprintUserMessages: [ThirdPersonCharacter_167] 30
[2017.01.09-18.17.47:062][357]LogBlueprintUserMessages: [ThirdPersonCharacter_167] 29
[2017.01.09-18.17.47:276][371]LogBlueprintUserMessages: [ThirdPersonCharacter_167] 28
[2017.01.09-18.17.47:476][384]LogBlueprintUserMessages: [ThirdPersonCharacter_167] 27
[2017.01.09-18.17.47:569][390]LogBlueprintUserMessages: [ThirdPersonCharacter_167] 28
[2017.01.09-18.17.47:786][404]LogBlueprintUserMessages: [ThirdPersonCharacter_167] 29
[2017.01.09-18.17.47:989][417]LogBlueprintUserMessages: [ThirdPersonCharacter_167] 30
[2017.01.09-18.17.48:195][430]LogBlueprintUserMessages: [ThirdPersonCharacter_167] 31
[2017.01.09-18.17.48:286][436]LogBlueprintUserMessages: [ThirdPersonCharacter_167] 30
[2017.01.09-18.17.48:490][449]LogBlueprintUserMessages: [ThirdPersonCharacter_167] 29
[2017.01.09-18.17.48:694][462]LogBlueprintUserMessages: [ThirdPersonCharacter_167] 28
[2017.01.09-18.17.48:912][476]LogBlueprintUserMessages: [ThirdPersonCharacter_167] 27
[2017.01.09-18.17.49:129][490]LogBlueprintUserMessages: [ThirdPersonCharacter_167] 26
[2017.01.09-18.17.49:332][503]LogBlueprintUserMessages: [ThirdPersonCharacter_167] 25
[2017.01.09-18.17.49:533][516]LogBlueprintUserMessages: [ThirdPersonCharacter_167] 24
[2017.01.09-18.17.49:737][529]LogBlueprintUserMessages: [ThirdPersonCharacter_167] 23
[2017.01.09-18.17.49:944][542]LogBlueprintUserMessages: [ThirdPersonCharacter_167] 22
[2017.01.09-18.17.50:145][555]LogBlueprintUserMessages: [ThirdPersonCharacter_167] 21
[2017.01.09-18.17.50:350][568]LogBlueprintUserMessages: [ThirdPersonCharacter_167] 20
[2017.01.09-18.17.50:553][581]LogBlueprintUserMessages: [ThirdPersonCharacter_167] 19
[2017.01.09-18.17.50:756][594]LogBlueprintUserMessages: [ThirdPersonCharacter_167] 18
[2017.01.09-18.17.50:972][608]LogBlueprintUserMessages: [ThirdPersonCharacter_167] 17
[2017.01.09-18.17.51:184][622]LogBlueprintUserMessages: [ThirdPersonCharacter_167] 16
[2017.01.09-18.17.51:233][625]LogBlueprintUserMessages: [ThirdPersonCharacter_167] 17
[2017.01.09-18.17.51:443][638]LogBlueprintUserMessages: [ThirdPersonCharacter_167] 18
[2017.01.09-18.17.51:647][651]LogBlueprintUserMessages: [ThirdPersonCharacter_167] 19
[2017.01.09-18.17.51:830][663]LogBlueprintUserMessages: Early EndPlayMap Detection: Level '/Game/ThirdPersonBP/Maps/ThirdPersonExampleMap.ThirdPersonExampleMap:PersistentLevel' has LevelScriptBlueprint '/Game/ThirdPersonBP/Maps/ThirdPersonExampleMap.ThirdPersonExampleMap:PersistentLevel.ThirdPersonExampleMap' with GeneratedClass '/Game/ThirdPersonBP/Maps/ThirdPersonExampleMap.ThirdPersonExampleMap_C' with ClassGeneratedBy '/Game/ThirdPersonBP/Maps/ThirdPersonExampleMap.ThirdPersonExampleMap:PersistentLevel.ThirdPersonExampleMap'
[2017.01.09-18.17.51:887][663]LogBlueprintUserMessages: Late EndPlayMap Detection: Level '/Game/ThirdPersonBP/Maps/ThirdPersonExampleMap.ThirdPersonExampleMap:PersistentLevel' has LevelScriptBlueprint '/Game/ThirdPersonBP/Maps/ThirdPersonExampleMap.ThirdPersonExampleMap:PersistentLevel.ThirdPersonExampleMap' with GeneratedClass '/Game/ThirdPersonBP/Maps/ThirdPersonExampleMap.ThirdPersonExampleMap_C' with ClassGeneratedBy '/Game/ThirdPersonBP/Maps/ThirdPersonExampleMap.ThirdPersonExampleMap:PersistentLevel.ThirdPersonExampleMap'
[2017.01.09-18.26.57:283][898]LogSavePackage: Save=53.77ms
[2017.01.09-18.26.57:283][898]LogSavePackage: Moving '../../../../../../Users/Admin/Documents/Unreal Projects/Zombie Survival/ZombieSurvival/Saved/ThirdPersonCharacter5B695AAB4CCB004522112490A34D05EF.tmp' to '../../../../../../Users/Admin/Documents/Unreal Projects/Zombie Survival/ZombieSurvival/Content/ThirdPersonBP/Blueprints/ThirdPersonCharacter.uasset'
[2017.01.09-18.26.57:285][898]LogSavePackage:Display: Finished SavePackage ../../../../../../Users/Admin/Documents/Unreal Projects/Zombie Survival/ZombieSurvival/Content/ThirdPersonBP/Blueprints/ThirdPersonCharacter.uasset
[2017.01.09-18.27.01:994][982]LogWindowsTextInputMethodSystem:Display: IME system now deactivated.
[2017.01.09-18.27.02:200][983]Cmd: QUIT_EDITOR
[2017.01.09-18.27.02:708][983]LogExit: Preparing to exit.
[2017.01.09-18.27.03:400][983]LogDirectoryWatcher: A directory notification for 'C:/Users/Admin/Documents/Unreal Projects/Zombie Survival/ZombieSurvival/Content/' was aborted.
[2017.01.09-18.27.03:434][983]LogExit: Editor shut down
[2017.01.09-18.27.03:434][983]LogExit: Transaction tracking system shut down
[2017.01.09-18.27.03:519][983]LogObj: Freed 0b from 0 cluster array pools.
[2017.01.09-18.27.03:519][983]LogExit: Object subsystem successfully closed.
[2017.01.09-18.27.03:542][983]LogD3D11RHI: Shutdown
[2017.01.09-18.27.03:542][983]LogD3D11RHI: CleanupD3DDevice
[2017.01.09-18.27.03:695][983]LogD3D11RHI: ~FD3D11DynamicRHI
[2017.01.09-18.27.03:705][983]LogHttp:Display: Http module shutting down, but needs to wait on 1 outstanding Http requests:
[2017.01.09-18.27.03:705][983]LogHttp:Display: 	verb=[POST] url=[https://datarouter.ol.epicgames.com/datarouter/api/v1/public/data?SessionID=%7BF0CBE059-4EC0-DD65-6B65-178E401F49E3%7D&AppID=UEEditor.Rocket.Release&AppVersion=4.14.0-3195953%2B%2B%2BUE4%2BRelease-4.14&UserID=b1544de5431315e1e3cecd80a4cf8140%7C103cb6828efd42a1ad147ac49f9ad872%7C28f772b1-e97b-471f-89b9-afb5134ae2a5&AppEnvironment=datacollector-binary&UploadType=eteventstream] status=Processing
[2017.01.09-18.27.03:721][983]LogModuleManager: Shutting down and abandoning module MovieSceneCapture (245)
[2017.01.09-18.27.03:721][983]LogModuleManager: Shutting down and abandoning module SequencerWidgets (244)
[2017.01.09-18.27.03:721][983]LogModuleManager: Shutting down and abandoning module BlueprintGraph (243)
[2017.01.09-18.27.03:721][983]LogModuleManager: Shutting down and abandoning module BlueprintProfiler (242)
[2017.01.09-18.27.03:721][983]LogModuleManager: Shutting down and abandoning module HierarchicalLODOutliner (241)
[2017.01.09-18.27.03:721][983]LogModuleManager: Shutting down and abandoning module CrashTracker (240)
[2017.01.09-18.27.03:721][983]LogModuleManager: Shutting down and abandoning module WidgetCarousel (239)
[2017.01.09-18.27.03:721][983]LogModuleManager: Shutting down and abandoning module AddContentDialog (238)
[2017.01.09-18.27.03:721][983]LogDirectoryWatcher: A directory notification for 'C:/Program Files (x86)/Epic Games/4.14/FeaturePacks/' was aborted.
[2017.01.09-18.27.03:722][983]LogModuleManager: Shutting down and abandoning module GameplayTags (237)
[2017.01.09-18.27.03:722][983]LogModuleManager: Shutting down and abandoning module EditorWidgets (236)
[2017.01.09-18.27.03:722][983]LogModuleManager: Shutting down and abandoning module CollectionManager (235)
[2017.01.09-18.27.03:722][983]LogDirectoryWatcher: A directory notification for 'C:/Users/Admin/Documents/Unreal Projects/Zombie Survival/ZombieSurvival/Content/Collections/' was aborted.
[2017.01.09-18.27.03:722][983]LogDirectoryWatcher: A directory notification for 'C:/Users/Admin/Documents/Unreal Projects/Zombie Survival/ZombieSurvival/Content/Developers/Admin/Collections/' was aborted.
[2017.01.09-18.27.03:722][983]LogDirectoryWatcher: A directory notification for 'C:/Users/Admin/Documents/Unreal Projects/Zombie Survival/ZombieSurvival/Saved/Collections/' was aborted.
[2017.01.09-18.27.03:722][983]LogModuleManager: Shutting down and abandoning module SceneOutliner (234)
[2017.01.09-18.27.03:722][983]LogModuleManager: Shutting down and abandoning module StatsViewer (233)
[2017.01.09-18.27.03:722][983]LogModuleManager: Shutting down and abandoning module FoliageEdit (232)
[2017.01.09-18.27.03:722][983]LogModuleManager: Shutting down and abandoning module LandscapeEditor (231)
[2017.01.09-18.27.03:722][983]LogModuleManager: Shutting down and abandoning module SceneDepthPickerMode (230)
[2017.01.09-18.27.03:722][983]LogModuleManager: Shutting down and abandoning module ActorPickerMode (229)
[2017.01.09-18.27.03:722][983]LogModuleManager: Shutting down and abandoning module GeometryMode (228)
[2017.01.09-18.27.03:722][983]LogModuleManager: Shutting down and abandoning module TextureAlignMode (227)
[2017.01.09-18.27.03:722][983]LogModuleManager: Shutting down and abandoning module BspMode (226)
[2017.01.09-18.27.03:722][983]LogModuleManager: Shutting down and abandoning module HardwareSurvey (225)
[2017.01.09-18.27.03:722][983]LogModuleManager: Shutting down and abandoning module SequenceRecorderSections (224)
[2017.01.09-18.27.03:722][983]LogModuleManager: Shutting down and abandoning module AutomationWorker (223)
[2017.01.09-18.27.03:722][983]LogModuleManager: Shutting down and abandoning module MatineeToLevelSequence (222)
[2017.01.09-18.27.03:722][983]LogModuleManager: Shutting down and abandoning module PlacementMode (221)
[2017.01.09-18.27.03:722][983]LogModuleManager: Shutting down and abandoning module LevelSequenceEditor (220)
[2017.01.09-18.27.03:722][983]LogModuleManager: Shutting down and abandoning module WmfMediaFactory (219)
[2017.01.09-18.27.03:722][983]LogModuleManager: Shutting down and abandoning module WmfMediaEditor (218)
[2017.01.09-18.27.03:722][983]LogModuleManager: Shutting down and abandoning module AvfMediaFactory (217)
[2017.01.09-18.27.03:722][983]LogModuleManager: Shutting down and abandoning module AvfMediaEditor (216)
[2017.01.09-18.27.03:722][983]LogModuleManager: Shutting down and abandoning module Media (215)
[2017.01.09-18.27.03:722][983]LogModuleManager: Shutting down and abandoning module AndroidMediaFactory (214)
[2017.01.09-18.27.03:722][983]LogModuleManager: Shutting down and abandoning module AndroidMediaEditor (213)
[2017.01.09-18.27.03:722][983]LogModuleManager: Shutting down and abandoning module CharacterAI (212)
[2017.01.09-18.27.03:722][983]LogModuleManager: Shutting down and abandoning module SequenceRecorder (211)
[2017.01.09-18.27.03:722][983]LogModuleManager: Shutting down and abandoning module AudioCapture (210)
[2017.01.09-18.27.03:722][983]LogModuleManager: Shutting down and abandoning module SmartSnapping (209)
[2017.01.09-18.27.03:722][983]LogModuleManager: Shutting down and abandoning module SessionServices (208)
[2017.01.09-18.27.03:722][983]LogModuleManager: Shutting down and abandoning module ViewportSnapping (207)
[2017.01.09-18.27.03:722][983]LogModuleManager: Shutting down and abandoning module ViewportInteraction (206)
[2017.01.09-18.27.03:722][983]LogModuleManager: Shutting down and abandoning module LogVisualizer (205)
[2017.01.09-18.27.03:722][983]LogModuleManager: Shutting down and abandoning module GameProjectGeneration (204)
[2017.01.09-18.27.03:722][983]LogModuleManager: Shutting down and abandoning module IntroTutorials (203)
[2017.01.09-18.27.03:722][983]LogModuleManager: Shutting down and abandoning module EditorLiveStreaming (202)
[2017.01.09-18.27.03:722][983]LogModuleManager: Shutting down and abandoning module IOSPlatformEditor (201)
[2017.01.09-18.27.03:722][983]LogModuleManager: Shutting down and abandoning module HTML5PlatformEditor (200)
[2017.01.09-18.27.03:722][983]LogModuleManager: Shutting down and abandoning module AndroidDeviceDetection (199)
[2017.01.09-18.27.04:486][983]LogModuleManager: Shutting down and abandoning module AndroidPlatformEditor (198)
[2017.01.09-18.27.04:486][983]LogModuleManager: Shutting down and abandoning module IOSRuntimeSettings (197)
[2017.01.09-18.27.04:486][983]LogModuleManager: Shutting down and abandoning module AndroidRuntimeSettings (196)
[2017.01.09-18.27.04:486][983]LogModuleManager: Shutting down and abandoning module InputBindingEditor (195)
[2017.01.09-18.27.04:486][983]LogModuleManager: Shutting down and abandoning module NiagaraEditor (194)
[2017.01.09-18.27.04:486][983]LogModuleManager: Shutting down and abandoning module MergeActors (193)
[2017.01.09-18.27.04:486][983]LogModuleManager: Shutting down and abandoning module SizeMap (192)
[2017.01.09-18.27.04:486][983]LogModuleManager: Shutting down and abandoning module TreeMap (191)
[2017.01.09-18.27.04:486][983]LogModuleManager: Shutting down and abandoning module ReferenceViewer (190)
[2017.01.09-18.27.04:486][983]LogModuleManager: Shutting down and abandoning module LocalizationService (189)
[2017.01.09-18.27.04:486][983]LogModuleManager: Shutting down and abandoning module LocalizationDashboard (188)
[2017.01.09-18.27.04:486][983]LogModuleManager: Shutting down and abandoning module HardwareTargeting (187)
[2017.01.09-18.27.04:486][983]LogModuleManager: Shutting down and abandoning module DeviceProfileEditor (186)
[2017.01.09-18.27.04:486][983]LogModuleManager: Shutting down and abandoning module UndoHistory (185)
[2017.01.09-18.27.04:486][983]LogModuleManager: Shutting down and abandoning module UserFeedback (184)
[2017.01.09-18.27.04:486][983]LogModuleManager: Shutting down and abandoning module XmlParser (183)
[2017.01.09-18.27.04:486][983]LogModuleManager: Shutting down and abandoning module Blutility (182)
[2017.01.09-18.27.04:486][983]LogModuleManager: Shutting down and abandoning module ProjectTargetPlatformEditor (181)
[2017.01.09-18.27.04:487][983]LogModuleManager: Shutting down and abandoning module ProjectSettingsViewer (180)
[2017.01.09-18.27.04:487][983]LogModuleManager: Shutting down and abandoning module EditorSettingsViewer (179)
[2017.01.09-18.27.04:487][983]LogModuleManager: Shutting down and abandoning module SettingsEditor (178)
[2017.01.09-18.27.04:487][983]LogModuleManager: Shutting down and abandoning module ProjectLauncher (177)
[2017.01.09-18.27.04:487][983]LogModuleManager: Shutting down and abandoning module SessionFrontend (176)
[2017.01.09-18.27.04:487][983]LogModuleManager: Shutting down and abandoning module ProfilerClient (175)
[2017.01.09-18.27.04:487][983]LogModuleManager: Shutting down and abandoning module TargetDeviceServices (174)
[2017.01.09-18.27.04:487][983]LogModuleManager: Shutting down and abandoning module DeviceManager (173)
[2017.01.09-18.27.04:529][983]LogModuleManager: Shutting down and abandoning module AutomationController (172)
[2017.01.09-18.27.04:529][983]LogModuleManager: Shutting down and abandoning module AutomationWindow (171)
[2017.01.09-18.27.04:529][983]LogModuleManager: Shutting down and abandoning module Layers (170)
[2017.01.09-18.27.04:529][983]LogModuleManager: Shutting down and abandoning module ComponentVisualizers (169)
[2017.01.09-18.27.04:529][983]LogModuleManager: Shutting down and abandoning module DetailCustomizations (168)
[2017.01.09-18.27.04:529][983]LogModuleManager: Shutting down and abandoning module PackagesDialog (167)
[2017.01.09-18.27.04:529][983]LogModuleManager: Shutting down and abandoning module AnimGraph (166)
[2017.01.09-18.27.04:529][983]LogModuleManager: Shutting down and abandoning module Persona (165)
[2017.01.09-18.27.04:529][983]LogModuleManager: Shutting down and abandoning module Kismet (164)
[2017.01.09-18.27.04:541][983]LogModuleManager: Shutting down and abandoning module GraphEditor (163)
[2017.01.09-18.27.04:541][983]LogModuleManager: Shutting down and abandoning module ClassViewer (162)
[2017.01.09-18.27.04:541][983]LogModuleManager: Shutting down and abandoning module Toolbox (161)
[2017.01.09-18.27.04:541][983]LogModuleManager: Shutting down and abandoning module ModuleUI (160)
[2017.01.09-18.27.04:541][983]LogModuleManager: Shutting down and abandoning module MovieSceneTools (159)
[2017.01.09-18.27.04:541][983]LogModuleManager: Shutting down and abandoning module OutputLog (158)
[2017.01.09-18.27.04:541][983]LogModuleManager: Shutting down and abandoning module GammaUI (157)
[2017.01.09-18.27.04:541][983]LogModuleManager: Shutting down and abandoning module Documentation (156)
[2017.01.09-18.27.04:541][983]LogModuleManager: Shutting down and abandoning module Niagara (155)
[2017.01.09-18.27.04:541][983]LogModuleManager: Shutting down and abandoning module StreamingPauseRendering (154)
[2017.01.09-18.27.04:541][983]LogModuleManager: Shutting down and abandoning module AnalyticsET (153)
[2017.01.09-18.27.04:541][983]LogModuleManager: Shutting down and abandoning module PortalServices (152)
[2017.01.09-18.27.04:541][983]LogModuleManager: Shutting down and abandoning module PortalRpc (151)
[2017.01.09-18.27.04:541][983]LogModuleManager: Shutting down and abandoning module MessagingRpc (150)
[2017.01.09-18.27.04:541][983]LogModuleManager: Shutting down and abandoning module GameplayDebugger (149)
[2017.01.09-18.27.04:541][983]LogModuleManager: Shutting down and abandoning module AITestSuite (148)
[2017.01.09-18.27.04:541][983]LogModuleManager: Shutting down and abandoning module AIModule (147)
[2017.01.09-18.27.04:541][983]LogModuleManager: Shutting down and abandoning module ProfilerService (146)
[2017.01.09-18.27.04:725][983]LogModuleManager: Shutting down and abandoning module TaskGraph (145)
[2017.01.09-18.27.04:726][983]LogModuleManager: Shutting down and abandoning module SlateRemote (144)
[2017.01.09-18.27.04:726][983]LogModuleManager: Shutting down and abandoning module SteamVRController (143)
[2017.01.09-18.27.04:726][983]LogModuleManager: Shutting down and abandoning module SteamVR (142)
[2017.01.09-18.27.04:726][983]LogModuleManager: Shutting down and abandoning module ProceduralMeshComponentEditor (141)
[2017.01.09-18.27.04:726][983]LogModuleManager: Shutting down and abandoning module ProceduralMeshComponent (140)
[2017.01.09-18.27.04:726][983]LogModuleManager: Shutting down and abandoning module OculusLibrary (139)
[2017.01.09-18.27.04:726][983]LogModuleManager: Shutting down and abandoning module OculusInput (138)
[2017.01.09-18.27.04:726][983]LogModuleManager: Shutting down and abandoning module MobilePatchingUtils (137)
[2017.01.09-18.27.04:726][983]LogModuleManager: Shutting down and abandoning module CustomMeshComponent (136)
[2017.01.09-18.27.04:726][983]LogModuleManager: Shutting down and abandoning module CableComponent (135)
[2017.01.09-18.27.04:726][983]LogModuleManager: Shutting down and abandoning module ArchVisCharacter (134)
[2017.01.09-18.27.04:726][983]LogModuleManager: Shutting down and abandoning module MediaPlayerEditor (132)
[2017.01.09-18.27.04:726][983]LogModuleManager: Shutting down and abandoning module HTML5Networking (131)
[2017.01.09-18.27.04:726][983]LogModuleManager: Shutting down and abandoning module GeometryCacheEd (130)
[2017.01.09-18.27.04:726][983]LogModuleManager: Shutting down and abandoning module GeometryCache (129)
[2017.01.09-18.27.04:726][983]LogModuleManager: Shutting down and abandoning module AlembicLibrary (128)
[2017.01.09-18.27.04:726][983]LogModuleManager: Shutting down and abandoning module AlembicImporter (127)
[2017.01.09-18.27.04:726][983]LogModuleManager: Shutting down and abandoning module SuperSearch (126)
[2017.01.09-18.27.04:726][983]LogModuleManager: Shutting down and abandoning module SuperSearchEditor (125)
[2017.01.09-18.27.04:726][983]LogModuleManager: Shutting down and abandoning module SpeedTreeImporter (124)
[2017.01.09-18.27.04:726][983]LogModuleManager: Shutting down and abandoning module PluginBrowser (123)
[2017.01.09-18.27.04:726][983]LogModuleManager: Shutting down and abandoning module MobileLauncherProfileWizard (122)
[2017.01.09-18.27.04:726][983]LogModuleManager: Shutting down and abandoning module EpicSurvey (121)
[2017.01.09-18.27.04:726][983]LogModuleManager: Shutting down and abandoning module DesktopPlatform (120)
[2017.01.09-18.27.04:726][983]LogModuleManager: Shutting down and abandoning module VisualStudioSourceCodeAccess (119)
[2017.01.09-18.27.04:727][983]LogModuleManager: Shutting down and abandoning module UObjectPlugin (118)
[2017.01.09-18.27.04:727][983]LogModuleManager: Shutting down and abandoning module SubversionSourceControl (117)
[2017.01.09-18.27.04:727][983]LogModuleManager: Shutting down and abandoning module PerforceSourceControl (116)
[2017.01.09-18.27.04:727][983]LogModuleManager: Shutting down and abandoning module SourceControl (115)
[2017.01.09-18.27.04:727][983]LogModuleManager: Shutting down and abandoning module GitSourceControl (114)
[2017.01.09-18.27.04:727][983]LogModuleManager: Shutting down and abandoning module LightPropagationVolumeEditor (113)
[2017.01.09-18.27.04:727][983]LogModuleManager: Shutting down and abandoning module PaperTiledImporter (112)
[2017.01.09-18.27.04:727][983]LogModuleManager: Shutting down and abandoning module PaperSpriteSheetImporter (111)
[2017.01.09-18.27.04:727][983]LogModuleManager: Shutting down and abandoning module MeshPaint (110)
[2017.01.09-18.27.04:727][983]LogModuleManager: Shutting down and abandoning module PixelInspectorModule (109)
[2017.01.09-18.27.04:727][983]LogModuleManager: Shutting down and abandoning module HotReload (108)
[2017.01.09-18.27.04:728][983]LogModuleManager: Shutting down and abandoning module MainFrame (107)
[2017.01.09-18.27.04:728][983]LogModuleManager: Shutting down and abandoning module LevelEditor (106)
[2017.01.09-18.27.04:730][983]LogModuleManager: Shutting down and abandoning module ContentBrowser (105)
[2017.01.09-18.27.04:731][983]LogModuleManager: Shutting down and abandoning module Paper2DEditor (104)
[2017.01.09-18.27.04:731][983]LogModuleManager: Shutting down and abandoning module UdpMessaging (103)
[2017.01.09-18.27.04:832][983]LogModuleManager: Shutting down and abandoning module TcpMessaging (102)
[2017.01.09-18.27.04:932][983]LogModuleManager: Shutting down and abandoning module LightPropagationVolumeRuntime (101)
[2017.01.09-18.27.04:932][983]LogModuleManager: Shutting down and abandoning module Paper2D (100)
[2017.01.09-18.27.04:932][983]LogModuleManager: Shutting down and abandoning module WindowsMoviePlayer (99)
[2017.01.09-18.27.04:932][983]LogModuleManager: Shutting down and abandoning module WmfMedia (98)
[2017.01.09-18.27.04:932][983]LogModuleManager: Shutting down and abandoning module MediaAssets (97)
[2017.01.09-18.27.04:932][983]LogModuleManager: Shutting down and abandoning module GameLiveStreaming (96)
[2017.01.09-18.27.04:933][983]LogModuleManager: Shutting down and abandoning module GameplayTagsEditor (95)
[2017.01.09-18.27.04:933][983]LogModuleManager: Shutting down and abandoning module VREditor (94)
[2017.01.09-18.27.04:933][983]LogModuleManager: Shutting down and abandoning module GameplayTasksEditor (93)
[2017.01.09-18.27.04:933][983]LogModuleManager: Shutting down and abandoning module BehaviorTreeEditor (92)
[2017.01.09-18.27.04:933][983]LogModuleManager: Shutting down and abandoning module FunctionalTesting (91)
[2017.01.09-18.27.04:933][983]LogModuleManager: Shutting down and abandoning module CollisionAnalyzer (90)
[2017.01.09-18.27.04:933][983]LogModuleManager: Shutting down and abandoning module Sequencer (89)
[2017.01.09-18.27.04:933][983]LogModuleManager: Shutting down and abandoning module WorkspaceMenuStructure (88)
[2017.01.09-18.27.04:933][983]LogModuleManager: Shutting down and abandoning module MessageLog (87)
[2017.01.09-18.27.04:933][983]LogModuleManager: Shutting down and abandoning module AssetTools (86)
[2017.01.09-18.27.04:933][983]LogModuleManager: Shutting down and abandoning module UMGEditor (85)
[2017.01.09-18.27.04:933][983]LogModuleManager: Shutting down and abandoning module UMG (84)
[2017.01.09-18.27.04:933][983]LogModuleManager: Shutting down and abandoning module SlateReflector (83)
[2017.01.09-18.27.04:933][983]LogModuleManager: Shutting down and abandoning module Slate (82)
[2017.01.09-18.27.04:933][983]LogModuleManager: Shutting down and abandoning module EditorStyle (81)
[2017.01.09-18.27.04:939][983]LogModuleManager: Shutting down and abandoning module SourceCodeAccess (80)
[2017.01.09-18.27.04:939][983]LogModuleManager: Shutting down and abandoning module HeadMountedDisplay (79)
[2017.01.09-18.27.04:939][983]LogModuleManager: Shutting down and abandoning module XAudio2 (78)
[2017.01.09-18.27.04:939][983]LogModuleManager: Shutting down and abandoning module Networking (76)
[2017.01.09-18.27.04:939][983]LogModuleManager: Shutting down and abandoning module Core (75)
[2017.01.09-18.27.04:939][983]LogModuleManager: Shutting down and abandoning module DirectoryWatcher (74)
[2017.01.09-18.27.04:939][983]LogDirectoryWatcher: A directory notification for '../../../Engine/Content/' was aborted.
[2017.01.09-18.27.04:939][983]LogDirectoryWatcher: A directory notification for '../../../../../../Users/Admin/Documents/Unreal Projects/Zombie Survival/ZombieSurvival/Content/' was aborted.
[2017.01.09-18.27.04:940][983]LogDirectoryWatcher: A directory notification for '../../../Engine/Plugins/2D/Paper2D/Content/' was aborted.
[2017.01.09-18.27.04:942][983]LogModuleManager: Shutting down and abandoning module AssetRegistry (73)
[2017.01.09-18.27.04:985][983]LogModuleManager: Shutting down and abandoning module KismetCompiler (72)
[2017.01.09-18.27.04:985][983]LogModuleManager: Shutting down and abandoning module PhysXFormats (71)
[2017.01.09-18.27.04:985][983]LogModuleManager: Shutting down and abandoning module SimplygonSwarm (70)
[2017.01.09-18.27.04:985][983]LogModuleManager: Shutting down and abandoning module SimplygonMeshReduction (69)
[2017.01.09-18.27.04:985][983]LogModuleManager: Shutting down and abandoning module QuadricMeshReduction (68)
[2017.01.09-18.27.04:985][983]LogModuleManager: Shutting down and abandoning module PropertyEditor (67)
[2017.01.09-18.27.04:985][983]LogModuleManager: Shutting down and abandoning module MeshUtilities (66)
[2017.01.09-18.27.04:985][983]LogModuleManager: Shutting down and abandoning module DerivedDataCache (65)
[2017.01.09-18.27.05:051][983]LogDerivedDataCache: Shutdown
[2017.01.09-18.27.05:051][983]LogModuleManager: Shutting down and abandoning module VulkanShaderFormat (64)
[2017.01.09-18.27.05:051][983]LogModuleManager: Shutting down and abandoning module ShaderFormatOpenGL (63)
[2017.01.09-18.27.05:051][983]LogModuleManager: Shutting down and abandoning module ShaderFormatD3D (62)
[2017.01.09-18.27.05:051][983]LogModuleManager: Shutting down and abandoning module MetalShaderFormat (61)
[2017.01.09-18.27.05:051][983]LogModuleManager: Shutting down and abandoning module TextureFormatUncompressed (60)
[2017.01.09-18.27.05:051][983]LogModuleManager: Shutting down and abandoning module TextureFormatPVR (59)
[2017.01.09-18.27.05:051][983]LogModuleManager: Shutting down and abandoning module TextureFormatDXT (58)
[2017.01.09-18.27.05:051][983]LogModuleManager: Shutting down and abandoning module TextureFormatIntelISPCTexComp (57)
[2017.01.09-18.27.05:051][983]LogModuleManager: Shutting down and abandoning module ImageWrapper (56)
[2017.01.09-18.27.05:052][983]LogModuleManager: Shutting down and abandoning module TextureFormatASTC (55)
[2017.01.09-18.27.05:052][983]LogModuleManager: Shutting down and abandoning module TextureFormatAndroid (54)
[2017.01.09-18.27.05:052][983]LogModuleManager: Shutting down and abandoning module AudioFormatOpus (53)
[2017.01.09-18.27.05:052][983]LogModuleManager: Shutting down and abandoning module AudioFormatOgg (52)
[2017.01.09-18.27.05:052][983]LogModuleManager: Shutting down and abandoning module AudioFormatADPCM (51)
[2017.01.09-18.27.05:052][983]LogModuleManager: Shutting down and abandoning module LinuxTargetPlatform (50)
[2017.01.09-18.27.05:052][983]LogModuleManager: Shutting down and abandoning module LinuxServerTargetPlatform (49)
[2017.01.09-18.27.05:052][983]LogModuleManager: Shutting down and abandoning module LinuxNoEditorTargetPlatform (48)
[2017.01.09-18.27.05:052][983]LogModuleManager: Shutting down and abandoning module LinuxClientTargetPlatform (47)
[2017.01.09-18.27.05:052][983]LogModuleManager: Shutting down and abandoning module TVOSTargetPlatform (46)
[2017.01.09-18.27.05:052][983]LogModuleManager: Shutting down and abandoning module Messaging (45)
[2017.01.09-18.27.05:052][983]LogModuleManager: Shutting down and abandoning module IOSTargetPlatform (44)
[2017.01.09-18.27.05:052][983]LogModuleManager: Shutting down and abandoning module HTML5TargetPlatform (43)
[2017.01.09-18.27.05:052][983]LogModuleManager: Shutting down and abandoning module Android_PVRTCTargetPlatform (42)
[2017.01.09-18.27.05:052][983]LogModuleManager: Shutting down and abandoning module Android_MultiTargetPlatform (41)
[2017.01.09-18.27.05:052][983]LogModuleManager: Shutting down and abandoning module Android_ETC2TargetPlatform (40)
[2017.01.09-18.27.05:052][983]LogModuleManager: Shutting down and abandoning module Android_ETC1TargetPlatform (39)
[2017.01.09-18.27.05:052][983]LogModuleManager: Shutting down and abandoning module Android_DXTTargetPlatform (38)
[2017.01.09-18.27.05:052][983]LogModuleManager: Shutting down and abandoning module Android_ATCTargetPlatform (37)
[2017.01.09-18.27.05:052][983]LogModuleManager: Shutting down and abandoning module Android_ASTCTargetPlatform (36)
[2017.01.09-18.27.05:052][983]LogModuleManager: Shutting down and abandoning module AndroidTargetPlatform (35)
[2017.01.09-18.27.05:052][983]LogModuleManager: Shutting down and abandoning module WindowsTargetPlatform (34)
[2017.01.09-18.27.05:052][983]LogModuleManager: Shutting down and abandoning module WindowsServerTargetPlatform (33)
[2017.01.09-18.27.05:052][983]LogModuleManager: Shutting down and abandoning module WindowsNoEditorTargetPlatform (32)
[2017.01.09-18.27.05:052][983]LogModuleManager: Shutting down and abandoning module WindowsClientTargetPlatform (31)
[2017.01.09-18.27.05:052][983]LogModuleManager: Shutting down and abandoning module MacTargetPlatform (30)
[2017.01.09-18.27.05:052][983]LogModuleManager: Shutting down and abandoning module MacServerTargetPlatform (29)
[2017.01.09-18.27.05:052][983]LogModuleManager: Shutting down and abandoning module MacNoEditorTargetPlatform (28)
[2017.01.09-18.27.05:052][983]LogModuleManager: Shutting down and abandoning module MacClientTargetPlatform (27)
[2017.01.09-18.27.05:052][983]LogModuleManager: Shutting down and abandoning module AllDesktopTargetPlatform (26)
[2017.01.09-18.27.05:052][983]LogModuleManager: Shutting down and abandoning module TargetPlatform (25)
[2017.01.09-18.27.05:052][983]LogModuleManager: Shutting down and abandoning module InputCore (24)
[2017.01.09-18.27.05:052][983]LogModuleManager: Shutting down and abandoning module Settings (23)
[2017.01.09-18.27.05:052][983]LogModuleManager: Shutting down and abandoning module OculusRift (22)
[2017.01.09-18.27.05:052][983]LogModuleManager: Shutting down and abandoning module ExampleDeviceProfileSelector (21)
[2017.01.09-18.27.05:052][983]LogModuleManager: Shutting down and abandoning module OnlineBlueprintSupport (20)
[2017.01.09-18.27.05:052][983]LogModuleManager: Shutting down and abandoning module OnlineSubsystem (18)
[2017.01.09-18.27.05:052][983]LogOnline:Display: Unloading online subsystem: NULL
[2017.01.09-18.27.05:052][983]LogModuleManager: Shutting down and abandoning module SSL (17)
[2017.01.09-18.27.05:054][983]LogModuleManager: Shutting down and abandoning module HTTP (16)
[2017.01.09-18.27.05:054][983]LogModuleManager: Shutting down and abandoning module XMPP (15)
[2017.01.09-18.27.05:054][983]LogModuleManager: Shutting down and abandoning module TextureCompressor (14)
[2017.01.09-18.27.05:054][983]LogModuleManager: Shutting down and abandoning module ShaderCore (13)
[2017.01.09-18.27.05:054][983]LogModuleManager: Shutting down and abandoning module Landscape (12)
[2017.01.09-18.27.05:054][983]LogModuleManager: Shutting down and abandoning module SlateRHIRenderer (11)
[2017.01.09-18.27.05:057][983]LogModuleManager: Shutting down and abandoning module OpenGLDrv (10)
[2017.01.09-18.27.05:057][983]LogModuleManager: Shutting down and abandoning module D3D11RHI (9)
[2017.01.09-18.27.05:057][983]LogModuleManager: Shutting down and abandoning module AnimGraphRuntime (8)
[2017.01.09-18.27.05:057][983]LogModuleManager: Shutting down and abandoning module Renderer (7)
[2017.01.09-18.27.05:057][983]LogModuleManager: Shutting down and abandoning module Engine (6)
[2017.01.09-18.27.05:057][983]LogModuleManager: Shutting down and abandoning module CoreUObject (5)
[2017.01.09-18.27.05:057][983]LogModuleManager: Shutting down and abandoning module NetworkFile (4)
[2017.01.09-18.27.05:057][983]LogModuleManager: Shutting down and abandoning module StreamingFile (3)
[2017.01.09-18.27.05:057][983]LogModuleManager: Shutting down and abandoning module SandboxFile (2)
[2017.01.09-18.27.05:057][983]LogModuleManager: Shutting down and abandoning module PakFile (1)
[2017.01.09-18.27.05:060][983]LogExit: Exiting.
[2017.01.09-18.27.05:061][983]Log file closed, 01/09/17 11:27:05
